<?xml version="1.0" encoding="UTF-8"?>
<!-- Generated by org.testng.reporters.JUnitReportReporter -->
<testsuite hostname="lenovo-PC" name="com.DDF.WordPressLogin" tests="3" failures="0" timestamp="9 Sep 2017 17:45:42 GMT" time="363.033" errors="0">
  <testcase name="LoginTowordPress" time="255.940" classname="com.DDF.WordPressLogin"/>
  <testcase name="LoginTowordPress" time="31.187" classname="com.DDF.WordPressLogin"/>
  <testcase name="LoginTowordPress" time="75.906" classname="com.DDF.WordPressLogin"/>
</testsuite> <!-- com.DDF.WordPressLogin -->
