<?xml version="1.0" encoding="UTF-8"?>
<!-- Generated by org.testng.reporters.JUnitReportReporter -->
<testsuite skipped="1" hostname="lenovo-PC" name="com.DDF.WordPressLoginExcel" tests="1" failures="0" timestamp="30 Dec 2017 18:01:52 GMT" time="0.000" errors="0">
  <testcase name="LoginToWordPress" time="0.000" classname="com.DDF.WordPressLoginExcel">
    <skipped/>
  </testcase> <!-- LoginToWordPress -->
</testsuite> <!-- com.DDF.WordPressLoginExcel -->
