<?xml version="1.0" encoding="UTF-8"?>
<!-- Generated by org.testng.reporters.JUnitReportReporter -->
<testsuite skipped="0" hostname="lenovo-PC" name="com.DDF.WordPressLogin" tests="3" failures="0" timestamp="30 Dec 2017 18:01:19 GMT" time="47.353" errors="0">
  <testcase name="LoginTowordPress" time="20.926" classname="com.DDF.WordPressLogin"/>
  <testcase name="LoginTowordPress" time="10.931" classname="com.DDF.WordPressLogin"/>
  <testcase name="LoginTowordPress" time="15.496" classname="com.DDF.WordPressLogin"/>
</testsuite> <!-- com.DDF.WordPressLogin -->
