<?xml version="1.0" encoding="UTF-8"?>
<!-- Generated by org.testng.reporters.JUnitReportReporter -->
<testsuite hostname="lenovo-PC" name="webdriver.WindowHandle" tests="1" failures="0" timestamp="13 Oct 2017 12:50:33 GMT" time="13.126" errors="0">
  <testcase name="TestPopUp" time="13.126" classname="webdriver.WindowHandle"/>
</testsuite> <!-- webdriver.WindowHandle -->
