<?xml version="1.0" encoding="UTF-8"?>
<!-- Generated by org.testng.reporters.JUnitReportReporter -->
<testsuite hostname="lenovo-PC" name="webdriver.WindowswitchDemo" tests="1" failures="0" timestamp="13 Oct 2017 14:03:09 GMT" time="17.163" errors="0">
  <testcase name="SwitchChildWindow" time="17.163" classname="webdriver.WindowswitchDemo"/>
</testsuite> <!-- webdriver.WindowswitchDemo -->
