<?xml version="1.0" encoding="UTF-8"?>
<!-- Generated by org.testng.reporters.JUnitReportReporter -->
<testsuite hostname="lenovo-PC" name="ExtentReports.ExtentReportTestNG" tests="1" failures="0" timestamp="13 Nov 2017 07:55:48 GMT" time="33.231" errors="0">
  <testcase name="ExteRep" time="33.231" classname="ExtentReports.ExtentReportTestNG"/>
</testsuite> <!-- ExtentReports.ExtentReportTestNG -->
