<?xml version="1.0" encoding="UTF-8"?>
<!-- Generated by org.testng.reporters.JUnitReportReporter -->
<testsuite hostname="lenovo-PC" name="com.TestNG.WebDriverClass.Launch_browser_testNG" tests="1" failures="0" timestamp="13 Sep 2017 18:15:35 GMT" time="112.109" errors="0">
  <testcase name="f" time="112.109" classname="com.TestNG.WebDriverClass.Launch_browser_testNG"/>
</testsuite> <!-- com.TestNG.WebDriverClass.Launch_browser_testNG -->
