<?xml version="1.0" encoding="UTF-8"?>
<!-- Generated by org.testng.reporters.JUnitReportReporter -->
<testsuite hostname="lenovo-PC" name="testAnnotations.TestNGannotation2" tests="1" failures="0" timestamp="8 Nov 2017 11:29:04 GMT" time="0.010" errors="0">
  <testcase name="test3" time="0.010" classname="testAnnotations.TestNGannotation2"/>
</testsuite> <!-- testAnnotations.TestNGannotation2 -->
