<?xml version="1.0" encoding="UTF-8"?>
<!-- Generated by org.testng.reporters.JUnitReportReporter -->
<testsuite hostname="lenovo-PC" name="com.TestNG.WebDriverClass.TestNGannotation2" tests="1" failures="0" timestamp="7 Nov 2017 11:58:47 GMT" time="0.027" errors="0">
  <testcase name="test3" time="0.027" classname="com.TestNG.WebDriverClass.TestNGannotation2"/>
</testsuite> <!-- com.TestNG.WebDriverClass.TestNGannotation2 -->
