<?xml version="1.0" encoding="UTF-8"?>
<!-- Generated by org.testng.reporters.JUnitReportReporter -->
<testsuite hostname="lenovo-PC" name="com.TestNG.WebDriverClass.Auto_IT" tests="1" failures="0" timestamp="17 Aug 2017 17:24:00 GMT" time="176.227" errors="0">
  <testcase name="f" time="176.227" classname="com.TestNG.WebDriverClass.Auto_IT"/>
</testsuite> <!-- com.TestNG.WebDriverClass.Auto_IT -->
