<?xml version="1.0" encoding="UTF-8"?>
<!-- Generated by org.testng.reporters.JUnitReportReporter -->
<testsuite hostname="lenovo-PC" name="com.TestNG.WebDriverClass.Demoxml" tests="1" failures="0" timestamp="1 Nov 2017 08:00:57 GMT" time="0.027" errors="0">
  <testcase name="start" time="0.027" classname="com.TestNG.WebDriverClass.Demoxml"/>
</testsuite> <!-- com.TestNG.WebDriverClass.Demoxml -->
