<?xml version="1.0" encoding="UTF-8"?>
<!-- Generated by org.testng.reporters.JUnitReportReporter -->
<testsuite hostname="lenovo-PC" name="com.TestNG.WebDriverClass.ParralelTest" tests="3" failures="0" timestamp="3 Nov 2017 18:49:43 GMT" time="46.120" errors="0">
  <testcase name="setup" time="16.611" classname="com.TestNG.WebDriverClass.ParralelTest"/>
  <testcase name="setup" time="17.660" classname="com.TestNG.WebDriverClass.ParralelTest"/>
  <testcase name="setup" time="11.849" classname="com.TestNG.WebDriverClass.ParralelTest"/>
</testsuite> <!-- com.TestNG.WebDriverClass.ParralelTest -->
