<?xml version="1.0" encoding="UTF-8"?>
<!-- Generated by org.testng.reporters.JUnitReportReporter -->
<testsuite hostname="lenovo-PC" name="ExtentReports.Demo1" tests="1" failures="0" timestamp="12 Nov 2017 08:37:20 GMT" time="23.271" errors="0">
  <testcase name="start" time="23.271" classname="ExtentReports.Demo1"/>
</testsuite> <!-- ExtentReports.Demo1 -->
