<?xml version="1.0" encoding="UTF-8"?>
<!-- Generated by org.testng.reporters.JUnitReportReporter -->
<testsuite hostname="lenovo-PC" name="com.TestNG.WebDriverClass.Alphabatical_order_TestNG" tests="3" failures="0" timestamp="3 Aug 2017 15:20:29 GMT" time="0.031" errors="0">
  <testcase name="a" time="0.031" classname="com.TestNG.WebDriverClass.Alphabatical_order_TestNG"/>
  <testcase name="d" time="0.000" classname="com.TestNG.WebDriverClass.Alphabatical_order_TestNG"/>
  <testcase name="f" time="0.000" classname="com.TestNG.WebDriverClass.Alphabatical_order_TestNG"/>
</testsuite> <!-- com.TestNG.WebDriverClass.Alphabatical_order_TestNG -->
