<?xml version="1.0" encoding="UTF-8"?>
<!-- Generated by org.testng.reporters.JUnitReportReporter -->
<testsuite hostname="lenovo-PC" name="com.TestNG.WebDriverClass.Jenkinsdemo" tests="1" failures="0" timestamp="17 Sep 2017 02:43:09 GMT" time="0.037" errors="0">
  <testcase name="test" time="0.037" classname="com.TestNG.WebDriverClass.Jenkinsdemo"/>
</testsuite> <!-- com.TestNG.WebDriverClass.Jenkinsdemo -->
