<?xml version="1.0" encoding="UTF-8"?>
<!-- Generated by org.testng.reporters.JUnitReportReporter -->
<testsuite hostname="lenovo-PC" name="com.TestNG.WebDriverClass.LaunchBr" tests="1" failures="0" timestamp="8 Nov 2017 11:32:29 GMT" time="12.613" errors="0">
  <testcase name="start" time="12.613" classname="com.TestNG.WebDriverClass.LaunchBr"/>
</testsuite> <!-- com.TestNG.WebDriverClass.LaunchBr -->
