<?xml version="1.0" encoding="UTF-8"?>
<!-- Generated by org.testng.reporters.JUnitReportReporter -->
<testsuite hostname="lenovo-PC" name="com.TestNG.WebDriverClass.LaunchBr" tests="1" failures="0" timestamp="1 Nov 2017 07:56:18 GMT" time="18.174" errors="0">
  <testcase name="start" time="18.174" classname="com.TestNG.WebDriverClass.LaunchBr"/>
</testsuite> <!-- com.TestNG.WebDriverClass.LaunchBr -->
