<?xml version="1.0" encoding="UTF-8"?>
<!-- Generated by org.testng.reporters.JUnitReportReporter -->
<testsuite hostname="lenovo-PC" name="com.TestNG.WebDriverClass.TestNGannotations" tests="2" failures="0" timestamp="7 Nov 2017 11:57:29 GMT" time="0.020" errors="0">
  <testcase name="test2" time="0.007" classname="com.TestNG.WebDriverClass.TestNGannotations"/>
  <testcase name="test1" time="0.013" classname="com.TestNG.WebDriverClass.TestNGannotations"/>
</testsuite> <!-- com.TestNG.WebDriverClass.TestNGannotations -->
