<?xml version="1.0" encoding="UTF-8"?>
<!-- Generated by org.testng.reporters.JUnitReportReporter -->
<testsuite hostname="lenovo-PC" name="com.TestNG.WebDriverClass.AssertiongetTitle" tests="1" failures="0" timestamp="9 Nov 2017 07:45:28 GMT" time="59.530" errors="0">
  <testcase name="assert1" time="59.530" classname="com.TestNG.WebDriverClass.AssertiongetTitle"/>
</testsuite> <!-- com.TestNG.WebDriverClass.AssertiongetTitle -->
