<?xml version="1.0" encoding="UTF-8"?>
<!-- Generated by org.testng.reporters.JUnitReportReporter -->
<testsuite hostname="lenovo-PC" name="com.TestNG.WebDriverClass.Launchbr1" tests="1" failures="0" timestamp="8 Nov 2017 11:33:32 GMT" time="12.215" errors="0">
  <testcase name="kick" time="12.215" classname="com.TestNG.WebDriverClass.Launchbr1"/>
</testsuite> <!-- com.TestNG.WebDriverClass.Launchbr1 -->
