<?xml version="1.0" encoding="UTF-8"?>
<!-- Generated by org.testng.reporters.JUnitReportReporter -->
<testsuite hostname="lenovo-PC" name="com.TestNG.WebDriverClass.AutoIT_Download" tests="1" failures="0" timestamp="17 Aug 2017 17:54:23 GMT" time="53.598" errors="0">
  <testcase name="f" time="53.598" classname="com.TestNG.WebDriverClass.AutoIT_Download"/>
</testsuite> <!-- com.TestNG.WebDriverClass.AutoIT_Download -->
