<?xml version="1.0" encoding="UTF-8"?>
<!-- Generated by org.testng.reporters.JUnitReportReporter -->
<testsuite hostname="lenovo-PC" name="com.TestNG.WebDriverClass.Launchbr1" tests="1" failures="0" timestamp="14 Oct 2017 14:05:57 GMT" time="9.151" errors="0">
  <testcase name="kick" time="9.151" classname="com.TestNG.WebDriverClass.Launchbr1"/>
</testsuite> <!-- com.TestNG.WebDriverClass.Launchbr1 -->
