<?xml version="1.0" encoding="UTF-8"?>
<!-- Generated by org.testng.reporters.JUnitReportReporter -->
<testsuite hostname="lenovo-PC" name="com.TestNG.WebDriverClass.FailedTestExecution" tests="1" failures="0" timestamp="6 Nov 2017 07:40:36 GMT" time="0.019" errors="0">
  <testcase name="f3" time="0.019" classname="com.TestNG.WebDriverClass.FailedTestExecution"/>
</testsuite> <!-- com.TestNG.WebDriverClass.FailedTestExecution -->
