<?xml version="1.0" encoding="UTF-8"?>
<!-- Generated by org.testng.reporters.JUnitReportReporter -->
<testsuite hostname="lenovo-PC" name="testAnnotations.TestNGannotations" tests="2" failures="0" timestamp="8 Nov 2017 11:20:38 GMT" time="0.013" errors="0">
  <testcase name="test2" time="0.002" classname="testAnnotations.TestNGannotations"/>
  <testcase name="test1" time="0.011" classname="testAnnotations.TestNGannotations"/>
</testsuite> <!-- testAnnotations.TestNGannotations -->
